[Info]: [09:02:12] Connection attempt with : SELECT verifyUser('Ipodloukaki13@gmail.com','123') AS nombre;
Got response : 1
[Info]: [09:02:12] Account data fetched with : SELECT `ID_Comptes`, `Nom`, `Prenom`, `AdresseMail`, `MotDePasse`, `isAdmin`, `isActive` 
            FROM `comptes` 
            WHERE AdresseMail = LCASE('Ipodloukaki13@gmail.com') AND MotDePasse = SHA('123');
[Info]: [09:02:12] Connection attempt with : SELECT verifyUser('Ipodloukaki13@gmail.com','123') AS nombre;
Got response : 1
[Info]: [09:02:12] Account data fetched with : SELECT `ID_Comptes`, `Nom`, `Prenom`, `AdresseMail`, `MotDePasse`, `isAdmin`, `isActive` 
            FROM `comptes` 
            WHERE AdresseMail = LCASE('Ipodloukaki13@gmail.com') AND MotDePasse = SHA('123');
[Info]: [09:08:22] User:[3] Sent new form using : 
   INSERT INTO `reponses`(`ID_Reponses`, `Reponse`, `ID_Question`, `ID_Formulaire`, `ID_Comptes`) VALUES (1,"Vichy",3,4,3),(2,"Jean",4,4,3),(3,"Jeanvichy@jailallemagne.com",5,4,3),(4,"1994-04-01",6,4,3),(5,118218,7,4,3),(6,"",8,4,3),(7,"Allemand",9,4,3),(8,"Anglais",10,4,3),(9,"Pasteur en blague",11,4,3),(10,"IHEDREA",12,4,3),(11,"Flemme",19,4,3),(12,"Autre",1,4,3)

[Error]: [09:08:24] User:[3] Tried to Send a new form using : 
   INSERT INTO `reponses`(`ID_Reponses`, `Reponse`, `ID_Question`, `ID_Formulaire`, `ID_Comptes`) VALUES (1,"Vichy",3,4,3),(2,"Jean",4,4,3),(3,"Jeanvichy@jailallemagne.com",5,4,3),(4,"1994-04-01",6,4,3),(5,118218,7,4,3),(6,"",8,4,3),(7,"Allemand",9,4,3),(8,"Anglais",10,4,3),(9,"Pasteur en blague",11,4,3),(10,"IHEDREA",12,4,3),(11,"Flemme",19,4,3),(12,"Autre",1,4,3)

[Error]: [09:10:30] User:[3] Tried to Send a new form using : 
   INSERT INTO `reponses`(`ID_Reponses`, `Reponse`, `ID_Question`, `ID_Formulaire`, `ID_Comptes`) VALUES (1,"Vichy",3,4,3),(2,"Jean",4,4,3),(3,"Jeanvichy@jailallemagne.com",5,4,3),(4,"1994-04-01",6,4,3),(5,118218,7,4,3),(6,"",8,4,3),(7,"Allemand",9,4,3),(8,"Anglais",10,4,3),(9,"Pasteur en blague",11,4,3),(10,"IHEDREA",12,4,3),(11,"Flemme",19,4,3),(12,"Autre",1,4,3)

[Error]: [09:10:30] User:[3] Tried to Send a new form using : 
   INSERT INTO `reponses`(`ID_Reponses`, `Reponse`, `ID_Question`, `ID_Formulaire`, `ID_Comptes`) VALUES (1,"Vichy",3,4,3),(2,"Jean",4,4,3),(3,"Jeanvichy@jailallemagne.com",5,4,3),(4,"1994-04-01",6,4,3),(5,118218,7,4,3),(6,"",8,4,3),(7,"Allemand",9,4,3),(8,"Anglais",10,4,3),(9,"Pasteur en blague",11,4,3),(10,"IHEDREA",12,4,3),(11,"Flemme",19,4,3),(12,"Autre",1,4,3)

[Info]: [09:49:38] Connection attempt with : SELECT verifyUser('E.bonnasse@charlespeguymarseille.com','Bemilie') AS nombre;
Got response : 1
[Info]: [09:49:38] Account data fetched with : SELECT `ID_Comptes`, `Nom`, `Prenom`, `AdresseMail`, `MotDePasse`, `isAdmin`, `isActive` 
            FROM `comptes` 
            WHERE AdresseMail = LCASE('E.bonnasse@charlespeguymarseille.com') AND MotDePasse = SHA('Bemilie');
[Info]: [09:49:39] Connection attempt with : SELECT verifyUser('E.bonnasse@charlespeguymarseille.com','Bemilie') AS nombre;
Got response : 1
[Info]: [09:49:39] Account data fetched with : SELECT `ID_Comptes`, `Nom`, `Prenom`, `AdresseMail`, `MotDePasse`, `isAdmin`, `isActive` 
            FROM `comptes` 
            WHERE AdresseMail = LCASE('E.bonnasse@charlespeguymarseille.com') AND MotDePasse = SHA('Bemilie');
[Info]: [10:17:53] Connection attempt with : SELECT verifyUser('M.carriere@charlespeguymarseille.com','Cmarion') AS nombre;
Got response : 1
[Info]: [10:17:53] Account data fetched with : SELECT `ID_Comptes`, `Nom`, `Prenom`, `AdresseMail`, `MotDePasse`, `isAdmin`, `isActive` 
            FROM `comptes` 
            WHERE AdresseMail = LCASE('M.carriere@charlespeguymarseille.com') AND MotDePasse = SHA('Cmarion');
[Info]: [10:17:54] Connection attempt with : SELECT verifyUser('M.carriere@charlespeguymarseille.com','Cmarion') AS nombre;
Got response : 1
[Info]: [10:17:54] Account data fetched with : SELECT `ID_Comptes`, `Nom`, `Prenom`, `AdresseMail`, `MotDePasse`, `isAdmin`, `isActive` 
            FROM `comptes` 
            WHERE AdresseMail = LCASE('M.carriere@charlespeguymarseille.com') AND MotDePasse = SHA('Cmarion');
[Info]: [10:19:51] Connection attempt with : SELECT verifyUser('couettesebastien@gmail.com','Csebastien') AS nombre;
Got response : 1
[Info]: [10:19:51] Account data fetched with : SELECT `ID_Comptes`, `Nom`, `Prenom`, `AdresseMail`, `MotDePasse`, `isAdmin`, `isActive` 
            FROM `comptes` 
            WHERE AdresseMail = LCASE('couettesebastien@gmail.com') AND MotDePasse = SHA('Csebastien');
[Info]: [10:19:52] Connection attempt with : SELECT verifyUser('couettesebastien@gmail.com','Csebastien') AS nombre;
Got response : 1
[Info]: [10:19:52] Account data fetched with : SELECT `ID_Comptes`, `Nom`, `Prenom`, `AdresseMail`, `MotDePasse`, `isAdmin`, `isActive` 
            FROM `comptes` 
            WHERE AdresseMail = LCASE('couettesebastien@gmail.com') AND MotDePasse = SHA('Csebastien');
[Info]: [10:21:02] Connection attempt with : SELECT verifyUser('Esperancedereviers@gmail.com','Desperance') AS nombre;
Got response : 1
[Info]: [10:21:02] Account data fetched with : SELECT `ID_Comptes`, `Nom`, `Prenom`, `AdresseMail`, `MotDePasse`, `isAdmin`, `isActive` 
            FROM `comptes` 
            WHERE AdresseMail = LCASE('Esperancedereviers@gmail.com') AND MotDePasse = SHA('Desperance');
[Info]: [10:21:02] Connection attempt with : SELECT verifyUser('Esperancedereviers@gmail.com','Desperance') AS nombre;
Got response : 1
[Info]: [10:21:02] Account data fetched with : SELECT `ID_Comptes`, `Nom`, `Prenom`, `AdresseMail`, `MotDePasse`, `isAdmin`, `isActive` 
            FROM `comptes` 
            WHERE AdresseMail = LCASE('Esperancedereviers@gmail.com') AND MotDePasse = SHA('Desperance');
[Info]: [10:22:26] Connection attempt with : SELECT verifyUser('c.dumange@charlespeguymarseille.com','Dcharlotte') AS nombre;
Got response : 1
[Info]: [10:22:26] Account data fetched with : SELECT `ID_Comptes`, `Nom`, `Prenom`, `AdresseMail`, `MotDePasse`, `isAdmin`, `isActive` 
            FROM `comptes` 
            WHERE AdresseMail = LCASE('c.dumange@charlespeguymarseille.com') AND MotDePasse = SHA('Dcharlotte');
[Info]: [10:22:27] Connection attempt with : SELECT verifyUser('c.dumange@charlespeguymarseille.com','Dcharlotte') AS nombre;
Got response : 1
[Info]: [10:22:27] Account data fetched with : SELECT `ID_Comptes`, `Nom`, `Prenom`, `AdresseMail`, `MotDePasse`, `isAdmin`, `isActive` 
            FROM `comptes` 
            WHERE AdresseMail = LCASE('c.dumange@charlespeguymarseille.com') AND MotDePasse = SHA('Dcharlotte');
[Info]: [10:23:09] Connection attempt with : SELECT verifyUser('M.dupeyras@gmail.com','Dmarion') AS nombre;
Got response : 1
[Info]: [10:23:09] Account data fetched with : SELECT `ID_Comptes`, `Nom`, `Prenom`, `AdresseMail`, `MotDePasse`, `isAdmin`, `isActive` 
            FROM `comptes` 
            WHERE AdresseMail = LCASE('M.dupeyras@gmail.com') AND MotDePasse = SHA('Dmarion');
[Info]: [10:23:10] Connection attempt with : SELECT verifyUser('M.dupeyras@gmail.com','Dmarion') AS nombre;
Got response : 1
[Info]: [10:23:10] Account data fetched with : SELECT `ID_Comptes`, `Nom`, `Prenom`, `AdresseMail`, `MotDePasse`, `isAdmin`, `isActive` 
            FROM `comptes` 
            WHERE AdresseMail = LCASE('M.dupeyras@gmail.com') AND MotDePasse = SHA('Dmarion');
[Info]: [10:23:22] Connection attempt with : SELECT verifyUser('M.carriere@charlespeguymarseille.com','123') AS nombre;
Got response : 0
[Info]: [10:23:23] Connection attempt with : SELECT verifyUser('M.carriere@charlespeguymarseille.com','123') AS nombre;
Got response : 0
[Info]: [10:23:26] Connection attempt with : SELECT verifyUser('M.carriere@charlespeguymarseille.com','123') AS nombre;
Got response : 0
[Info]: [10:23:27] Connection attempt with : SELECT verifyUser('M.carriere@charlespeguymarseille.com','123') AS nombre;
Got response : 0
[Info]: [10:23:38] Connection attempt with : SELECT verifyUser('M.carriere@charlespeguymarseille.com','cmarion') AS nombre;
Got response : 0
[Info]: [10:23:39] Connection attempt with : SELECT verifyUser('M.carriere@charlespeguymarseille.com','cmarion') AS nombre;
Got response : 0
[Info]: [10:23:47] Connection attempt with : SELECT verifyUser('M.carriere@charlespeguymarseille.com','Cmzrion') AS nombre;
Got response : 0
[Info]: [10:23:47] Connection attempt with : SELECT verifyUser('M.carriere@charlespeguymarseille.com','Cmzrion') AS nombre;
Got response : 0
[Info]: [10:23:50] Connection attempt with : SELECT verifyUser('M.carriere@charlespeguymarseille.com','Cmzrion') AS nombre;
Got response : 0
[Info]: [10:23:50] Connection attempt with : SELECT verifyUser('M.carriere@charlespeguymarseille.com','Cmzrion') AS nombre;
Got response : 0
[Info]: [10:24:00] Connection attempt with : SELECT verifyUser('M.carriere@charlespeguymarseille.com','Cmarion') AS nombre;
Got response : 1
[Info]: [10:24:00] Account data fetched with : SELECT `ID_Comptes`, `Nom`, `Prenom`, `AdresseMail`, `MotDePasse`, `isAdmin`, `isActive` 
            FROM `comptes` 
            WHERE AdresseMail = LCASE('M.carriere@charlespeguymarseille.com') AND MotDePasse = SHA('Cmarion');
[Info]: [10:24:01] Connection attempt with : SELECT verifyUser('M.carriere@charlespeguymarseille.com','Cmarion') AS nombre;
Got response : 1
[Info]: [10:24:01] Account data fetched with : SELECT `ID_Comptes`, `Nom`, `Prenom`, `AdresseMail`, `MotDePasse`, `isAdmin`, `isActive` 
            FROM `comptes` 
            WHERE AdresseMail = LCASE('M.carriere@charlespeguymarseille.com') AND MotDePasse = SHA('Cmarion');
[Info]: [10:25:00] Connection attempt with : SELECT verifyUser('Lylia030698@gmail.com','') AS nombre;
Got response : 0
[Info]: [10:25:24] Connection attempt with : SELECT verifyUser('Lylia030698.fassi@gmail.com','Flylia') AS nombre;
Got response : 1
[Info]: [10:25:24] Account data fetched with : SELECT `ID_Comptes`, `Nom`, `Prenom`, `AdresseMail`, `MotDePasse`, `isAdmin`, `isActive` 
            FROM `comptes` 
            WHERE AdresseMail = LCASE('Lylia030698.fassi@gmail.com') AND MotDePasse = SHA('Flylia');
[Info]: [10:25:24] Connection attempt with : SELECT verifyUser('Lylia030698.fassi@gmail.com','Flylia') AS nombre;
Got response : 1
[Info]: [10:25:24] Account data fetched with : SELECT `ID_Comptes`, `Nom`, `Prenom`, `AdresseMail`, `MotDePasse`, `isAdmin`, `isActive` 
            FROM `comptes` 
            WHERE AdresseMail = LCASE('Lylia030698.fassi@gmail.com') AND MotDePasse = SHA('Flylia');
[Info]: [10:26:39] Connection attempt with : SELECT verifyUser('E.echevarria@charlespeguymarseille.com','Eenzo') AS nombre;
Got response : 0
[Info]: [10:26:40] Connection attempt with : SELECT verifyUser('E.echevarria@charlespeguymarseille.com','Eenzo') AS nombre;
Got response : 0
[Info]: [10:27:02] Connection attempt with : SELECT verifyUser('E.echeverria@charlespeguymarseille.com','Eenzo') AS nombre;
Got response : 1
[Info]: [10:27:02] Account data fetched with : SELECT `ID_Comptes`, `Nom`, `Prenom`, `AdresseMail`, `MotDePasse`, `isAdmin`, `isActive` 
            FROM `comptes` 
            WHERE AdresseMail = LCASE('E.echeverria@charlespeguymarseille.com') AND MotDePasse = SHA('Eenzo');
[Info]: [10:27:03] Connection attempt with : SELECT verifyUser('E.echeverria@charlespeguymarseille.com','Eenzo') AS nombre;
Got response : 1
[Info]: [10:27:03] Account data fetched with : SELECT `ID_Comptes`, `Nom`, `Prenom`, `AdresseMail`, `MotDePasse`, `isAdmin`, `isActive` 
            FROM `comptes` 
            WHERE AdresseMail = LCASE('E.echeverria@charlespeguymarseille.com') AND MotDePasse = SHA('Eenzo');
[Info]: [10:28:44] Connection attempt with : SELECT verifyUser('Fiorannioceanne@gmail.com','Foceanne') AS nombre;
Got response : 0
[Info]: [10:28:45] Connection attempt with : SELECT verifyUser('Fiorannioceanne@gmail.com','Foceanne') AS nombre;
Got response : 0
[Info]: [10:29:08] Connection attempt with : SELECT verifyUser('Fioranioceanne@gmail.com','Foceane') AS nombre;
Got response : 0
[Info]: [10:29:09] Connection attempt with : SELECT verifyUser('Fioranioceanne@gmail.com','Foceane') AS nombre;
Got response : 0
[Info]: [10:29:17] Connection attempt with : SELECT verifyUser('Fioranioceanne@gmail.com','Foceanne') AS nombre;
Got response : 1
[Info]: [10:29:17] Account data fetched with : SELECT `ID_Comptes`, `Nom`, `Prenom`, `AdresseMail`, `MotDePasse`, `isAdmin`, `isActive` 
            FROM `comptes` 
            WHERE AdresseMail = LCASE('Fioranioceanne@gmail.com') AND MotDePasse = SHA('Foceanne');
[Info]: [10:29:18] Connection attempt with : SELECT verifyUser('Fioranioceanne@gmail.com','Foceanne') AS nombre;
Got response : 1
[Info]: [10:29:18] Account data fetched with : SELECT `ID_Comptes`, `Nom`, `Prenom`, `AdresseMail`, `MotDePasse`, `isAdmin`, `isActive` 
            FROM `comptes` 
            WHERE AdresseMail = LCASE('Fioranioceanne@gmail.com') AND MotDePasse = SHA('Foceanne');
[Info]: [10:31:28] Connection attempt with : SELECT verifyUser('Aymeric.furin@gmail.com','Faymeric') AS nombre;
Got response : 1
[Info]: [10:31:28] Account data fetched with : SELECT `ID_Comptes`, `Nom`, `Prenom`, `AdresseMail`, `MotDePasse`, `isAdmin`, `isActive` 
            FROM `comptes` 
            WHERE AdresseMail = LCASE('Aymeric.furin@gmail.com') AND MotDePasse = SHA('Faymeric');
[Info]: [10:31:28] Connection attempt with : SELECT verifyUser('Aymeric.furin@gmail.com','Faymeric') AS nombre;
Got response : 1
[Info]: [10:31:28] Account data fetched with : SELECT `ID_Comptes`, `Nom`, `Prenom`, `AdresseMail`, `MotDePasse`, `isAdmin`, `isActive` 
            FROM `comptes` 
            WHERE AdresseMail = LCASE('Aymeric.furin@gmail.com') AND MotDePasse = SHA('Faymeric');
[Info]: [10:32:06] Connection attempt with : SELECT verifyUser('Gaultclement24@gmail.com','Gclement') AS nombre;
Got response : 1
[Info]: [10:32:06] Account data fetched with : SELECT `ID_Comptes`, `Nom`, `Prenom`, `AdresseMail`, `MotDePasse`, `isAdmin`, `isActive` 
            FROM `comptes` 
            WHERE AdresseMail = LCASE('Gaultclement24@gmail.com') AND MotDePasse = SHA('Gclement');
[Info]: [10:32:07] Connection attempt with : SELECT verifyUser('Gaultclement24@gmail.com','Gclement') AS nombre;
Got response : 1
[Info]: [10:32:07] Account data fetched with : SELECT `ID_Comptes`, `Nom`, `Prenom`, `AdresseMail`, `MotDePasse`, `isAdmin`, `isActive` 
            FROM `comptes` 
            WHERE AdresseMail = LCASE('Gaultclement24@gmail.com') AND MotDePasse = SHA('Gclement');
[Info]: [10:32:43] Connection attempt with : SELECT verifyUser('Simonhamou@gmail.com','Hsimon') AS nombre;
Got response : 1
[Info]: [10:32:43] Account data fetched with : SELECT `ID_Comptes`, `Nom`, `Prenom`, `AdresseMail`, `MotDePasse`, `isAdmin`, `isActive` 
            FROM `comptes` 
            WHERE AdresseMail = LCASE('Simonhamou@gmail.com') AND MotDePasse = SHA('Hsimon');
[Info]: [10:32:43] Connection attempt with : SELECT verifyUser('Simonhamou@gmail.com','Hsimon') AS nombre;
Got response : 1
[Info]: [10:32:43] Account data fetched with : SELECT `ID_Comptes`, `Nom`, `Prenom`, `AdresseMail`, `MotDePasse`, `isAdmin`, `isActive` 
            FROM `comptes` 
            WHERE AdresseMail = LCASE('Simonhamou@gmail.com') AND MotDePasse = SHA('Hsimon');
[Info]: [10:33:48] Connection attempt with : SELECT verifyUser('Lorna.langlois13@gmail.com','Llorna') AS nombre;
Got response : 1
[Info]: [10:33:48] Account data fetched with : SELECT `ID_Comptes`, `Nom`, `Prenom`, `AdresseMail`, `MotDePasse`, `isAdmin`, `isActive` 
            FROM `comptes` 
            WHERE AdresseMail = LCASE('Lorna.langlois13@gmail.com') AND MotDePasse = SHA('Llorna');
[Info]: [10:33:48] Connection attempt with : SELECT verifyUser('Lorna.langlois13@gmail.com','Llorna') AS nombre;
Got response : 1
[Info]: [10:33:48] Account data fetched with : SELECT `ID_Comptes`, `Nom`, `Prenom`, `AdresseMail`, `MotDePasse`, `isAdmin`, `isActive` 
            FROM `comptes` 
            WHERE AdresseMail = LCASE('Lorna.langlois13@gmail.com') AND MotDePasse = SHA('Llorna');
[Info]: [10:34:15] Connection attempt with : SELECT verifyUser('Angelica.laodicina@gmail.com','Langelica') AS nombre;
Got response : 1
[Info]: [10:34:15] Account data fetched with : SELECT `ID_Comptes`, `Nom`, `Prenom`, `AdresseMail`, `MotDePasse`, `isAdmin`, `isActive` 
            FROM `comptes` 
            WHERE AdresseMail = LCASE('Angelica.laodicina@gmail.com') AND MotDePasse = SHA('Langelica');
[Info]: [10:34:16] Connection attempt with : SELECT verifyUser('Angelica.laodicina@gmail.com','Langelica') AS nombre;
Got response : 1
[Info]: [10:34:16] Account data fetched with : SELECT `ID_Comptes`, `Nom`, `Prenom`, `AdresseMail`, `MotDePasse`, `isAdmin`, `isActive` 
            FROM `comptes` 
            WHERE AdresseMail = LCASE('Angelica.laodicina@gmail.com') AND MotDePasse = SHA('Langelica');
[Info]: [10:35:49] Connection attempt with : SELECT verifyUser('Julien.meylouga1@gmail.com','Mjulien') AS nombre;
Got response : 1
[Info]: [10:35:49] Account data fetched with : SELECT `ID_Comptes`, `Nom`, `Prenom`, `AdresseMail`, `MotDePasse`, `isAdmin`, `isActive` 
            FROM `comptes` 
            WHERE AdresseMail = LCASE('Julien.meylouga1@gmail.com') AND MotDePasse = SHA('Mjulien');
[Info]: [10:35:49] Connection attempt with : SELECT verifyUser('Julien.meylouga1@gmail.com','Mjulien') AS nombre;
Got response : 1
[Info]: [10:35:49] Account data fetched with : SELECT `ID_Comptes`, `Nom`, `Prenom`, `AdresseMail`, `MotDePasse`, `isAdmin`, `isActive` 
            FROM `comptes` 
            WHERE AdresseMail = LCASE('Julien.meylouga1@gmail.com') AND MotDePasse = SHA('Mjulien');
[Info]: [10:38:49] Connection attempt with : SELECT verifyUser('l.pham@charlespeguymarseille.com','Plana') AS nombre;
Got response : 1
[Info]: [10:38:49] Account data fetched with : SELECT `ID_Comptes`, `Nom`, `Prenom`, `AdresseMail`, `MotDePasse`, `isAdmin`, `isActive` 
            FROM `comptes` 
            WHERE AdresseMail = LCASE('l.pham@charlespeguymarseille.com') AND MotDePasse = SHA('Plana');
[Info]: [10:38:50] Connection attempt with : SELECT verifyUser('l.pham@charlespeguymarseille.com','Plana') AS nombre;
Got response : 1
[Info]: [10:38:50] Account data fetched with : SELECT `ID_Comptes`, `Nom`, `Prenom`, `AdresseMail`, `MotDePasse`, `isAdmin`, `isActive` 
            FROM `comptes` 
            WHERE AdresseMail = LCASE('l.pham@charlespeguymarseille.com') AND MotDePasse = SHA('Plana');
[Info]: [10:40:29] Connection attempt with : SELECT verifyUser('Carla.sorbello26@gmail.com','Scarla') AS nombre;
Got response : 1
[Info]: [10:40:29] Account data fetched with : SELECT `ID_Comptes`, `Nom`, `Prenom`, `AdresseMail`, `MotDePasse`, `isAdmin`, `isActive` 
            FROM `comptes` 
            WHERE AdresseMail = LCASE('Carla.sorbello26@gmail.com') AND MotDePasse = SHA('Scarla');
[Info]: [10:40:31] Connection attempt with : SELECT verifyUser('Carla.sorbello26@gmail.com','Scarla') AS nombre;
Got response : 1
[Info]: [10:40:31] Account data fetched with : SELECT `ID_Comptes`, `Nom`, `Prenom`, `AdresseMail`, `MotDePasse`, `isAdmin`, `isActive` 
            FROM `comptes` 
            WHERE AdresseMail = LCASE('Carla.sorbello26@gmail.com') AND MotDePasse = SHA('Scarla');
[Info]: [10:41:26] Connection attempt with : SELECT verifyUser('Zanella.coralie@gmail.com','Zcoralie') AS nombre;
Got response : 1
[Info]: [10:41:26] Account data fetched with : SELECT `ID_Comptes`, `Nom`, `Prenom`, `AdresseMail`, `MotDePasse`, `isAdmin`, `isActive` 
            FROM `comptes` 
            WHERE AdresseMail = LCASE('Zanella.coralie@gmail.com') AND MotDePasse = SHA('Zcoralie');
[Info]: [10:41:27] Connection attempt with : SELECT verifyUser('Zanella.coralie@gmail.com','Zcoralie') AS nombre;
Got response : 1
[Info]: [10:41:27] Account data fetched with : SELECT `ID_Comptes`, `Nom`, `Prenom`, `AdresseMail`, `MotDePasse`, `isAdmin`, `isActive` 
            FROM `comptes` 
            WHERE AdresseMail = LCASE('Zanella.coralie@gmail.com') AND MotDePasse = SHA('Zcoralie');
[Info]: [10:41:59] Connection attempt with : SELECT verifyUser('N.zieger@charlespeguymarseille.com','Znolan') AS nombre;
Got response : 1
[Info]: [10:41:59] Account data fetched with : SELECT `ID_Comptes`, `Nom`, `Prenom`, `AdresseMail`, `MotDePasse`, `isAdmin`, `isActive` 
            FROM `comptes` 
            WHERE AdresseMail = LCASE('N.zieger@charlespeguymarseille.com') AND MotDePasse = SHA('Znolan');
[Info]: [10:42:00] Connection attempt with : SELECT verifyUser('N.zieger@charlespeguymarseille.com','Znolan') AS nombre;
Got response : 1
[Info]: [10:42:00] Account data fetched with : SELECT `ID_Comptes`, `Nom`, `Prenom`, `AdresseMail`, `MotDePasse`, `isAdmin`, `isActive` 
            FROM `comptes` 
            WHERE AdresseMail = LCASE('N.zieger@charlespeguymarseille.com') AND MotDePasse = SHA('Znolan');
[Info]: [10:42:26] Connection attempt with : SELECT verifyUser('Axelle.hennequin@charlespeguymarseille.com','Haxelle') AS nombre;
Got response : 1
[Info]: [10:42:26] Account data fetched with : SELECT `ID_Comptes`, `Nom`, `Prenom`, `AdresseMail`, `MotDePasse`, `isAdmin`, `isActive` 
            FROM `comptes` 
            WHERE AdresseMail = LCASE('Axelle.hennequin@charlespeguymarseille.com') AND MotDePasse = SHA('Haxelle');
[Info]: [10:42:26] Connection attempt with : SELECT verifyUser('Axelle.hennequin@charlespeguymarseille.com','Haxelle') AS nombre;
Got response : 1
[Info]: [10:42:26] Account data fetched with : SELECT `ID_Comptes`, `Nom`, `Prenom`, `AdresseMail`, `MotDePasse`, `isAdmin`, `isActive` 
            FROM `comptes` 
            WHERE AdresseMail = LCASE('Axelle.hennequin@charlespeguymarseille.com') AND MotDePasse = SHA('Haxelle');
[Info]: [10:43:40] Connection attempt with : SELECT verifyUser('couettesebastien@gmail.com','Csebastien') AS nombre;
Got response : 1
[Info]: [10:43:40] Account data fetched with : SELECT `ID_Comptes`, `Nom`, `Prenom`, `AdresseMail`, `MotDePasse`, `isAdmin`, `isActive` 
            FROM `comptes` 
            WHERE AdresseMail = LCASE('couettesebastien@gmail.com') AND MotDePasse = SHA('Csebastien');
[Info]: [10:43:41] Connection attempt with : SELECT verifyUser('couettesebastien@gmail.com','Csebastien') AS nombre;
Got response : 1
[Info]: [10:43:41] Account data fetched with : SELECT `ID_Comptes`, `Nom`, `Prenom`, `AdresseMail`, `MotDePasse`, `isAdmin`, `isActive` 
            FROM `comptes` 
            WHERE AdresseMail = LCASE('couettesebastien@gmail.com') AND MotDePasse = SHA('Csebastien');
[Info]: [10:46:15] User:[22] Sent new form using : 
   INSERT INTO `reponses`(`ID_Reponses`, `Reponse`, `ID_Question`, `ID_Formulaire`, `ID_Comptes`) VALUES (1,"Prost",3,1,22),(2,"Lucie",4,1,22),(3,"Prost_lucie@yahoo.fr",5,1,22),(4,"2002-11-04",6,1,22),(5,0782332034,7,1,22),(6,0620334020,8,1,22),(7,"Espagnol",9,1,22),(8,"Anglais",10,1,22),(9,"BBA1 MASTER",11,1,22),(10,"IHEDREA",12,1,22),(11,"BTS SIO",19,1,22),(12,"Par une conseillère d&#39;orientation",1,1,22),(13,"M.strasser",13,1,22)

[Error]: [10:46:20] User:[22] Tried to Send a new form using : 
   INSERT INTO `reponses`(`ID_Reponses`, `Reponse`, `ID_Question`, `ID_Formulaire`, `ID_Comptes`) VALUES (1,"Prost",3,1,22),(2,"Lucie",4,1,22),(3,"Prost_lucie@yahoo.fr",5,1,22),(4,"2002-11-04",6,1,22),(5,0782332034,7,1,22),(6,0620334020,8,1,22),(7,"Espagnol",9,1,22),(8,"Anglais",10,1,22),(9,"BBA1 MASTER",11,1,22),(10,"IHEDREA",12,1,22),(11,"BTS SIO",19,1,22),(12,"Par une conseillère d&#39;orientation",1,1,22),(13,"M.strasser",13,1,22)

[Info]: [10:53:44] User:[22] Sent new form using : 
   INSERT INTO `reponses`(`ID_Reponses`, `Reponse`, `ID_Question`, `ID_Formulaire`, `ID_Comptes`) VALUES (1,"","3",2,22),(2,"","4",2,22),(3,"","5",2,22),(4,"2000-01-01","6",2,22),(5,"","7",2,22),(6,"","8",2,22),(7,"","9",2,22),(8,"","10",2,22),(9,"","11",2,22),(10,"","12",2,22),(11,"","19",2,22),(12,"Sélectionnez une réponse","1",2,22)

[Info]: [10:53:52] User:[22] Sent new form using : 
   INSERT INTO `reponses`(`ID_Reponses`, `Reponse`, `ID_Question`, `ID_Formulaire`, `ID_Comptes`) VALUES (1,"","3",3,22),(2,"","4",3,22),(3,"","5",3,22),(4,"2000-01-01","6",3,22),(5,"","7",3,22),(6,"","8",3,22),(7,"","9",3,22),(8,"","10",3,22),(9,"","11",3,22),(10,"","12",3,22),(11,"","19",3,22),(12,"Sélectionnez une réponse","1",3,22)

[Info]: [10:54:56] User:[22] Sent new form using : 
   INSERT INTO `reponses`(`ID_Reponses`, `Reponse`, `ID_Question`, `ID_Formulaire`, `ID_Comptes`) VALUES (1,"Prost","3",4,22),(2,"Lucie","4",4,22),(3,"Prost_lucie@yahoo.fr","5",4,22),(4,"2002-07-11","6",4,22),(5,"0782332034","7",4,22),(6,"0620334020","8",4,22),(7,"Espagnol","9",4,22),(8,"Anglais","10",4,22),(9,"BBA1 MASTER","11",4,22),(10,"IHEDREA","12",4,22),(11,"Flemme","19",4,22),(12,"Venue d&#39;un membre de l&#39;établissement","1",4,22),(13,"Directeur Adjoint - M.Maury","15",4,22)

[Info]: [11:32:30] Connection attempt with : SELECT verifyUser('maevaban2002@gmail.com','Bmaeva') AS nombre;
Got response : 1
[Info]: [11:32:30] Account data fetched with : SELECT `ID_Comptes`, `Nom`, `Prenom`, `AdresseMail`, `MotDePasse`, `isAdmin`, `isActive` 
            FROM `comptes` 
            WHERE AdresseMail = LCASE('maevaban2002@gmail.com') AND MotDePasse = SHA('Bmaeva');
[Info]: [11:32:31] Connection attempt with : SELECT verifyUser('maevaban2002@gmail.com','Bmaeva') AS nombre;
Got response : 1
[Info]: [11:32:31] Account data fetched with : SELECT `ID_Comptes`, `Nom`, `Prenom`, `AdresseMail`, `MotDePasse`, `isAdmin`, `isActive` 
            FROM `comptes` 
            WHERE AdresseMail = LCASE('maevaban2002@gmail.com') AND MotDePasse = SHA('Bmaeva');
[Info]: [14:11:18] Connection attempt with : SELECT verifyUser('Ghj','vbj') AS nombre;
Got response : 0
[Info]: [14:11:19] Connection attempt with : SELECT verifyUser('Ghj','vbj') AS nombre;
Got response : 0
