[Info]: [12:11:42] Connection attempt with : SELECT verifyUser('ipodloukaki13@gmail.com','123') AS nombre;
Got response : 1
[Info]: [12:11:42] Account data fetched with : SELECT `ID_Comptes`, `Nom`, `Prenom`, `AdresseMail`, `MotDePasse`, `isAdmin`, `isActive` 
            FROM `comptes` 
            WHERE AdresseMail = LCASE('ipodloukaki13@gmail.com') AND MotDePasse = SHA('123');
[Info]: [13:29:27] Connection attempt with : SELECT verifyUser('ipodloukaki13@gmail.com','123') AS nombre;
Got response : 1
[Info]: [13:29:27] Account data fetched with : SELECT `ID_Comptes`, `Nom`, `Prenom`, `AdresseMail`, `MotDePasse`, `isAdmin`, `isActive` 
            FROM `comptes` 
            WHERE AdresseMail = LCASE('ipodloukaki13@gmail.com') AND MotDePasse = SHA('123');
[Info]: [13:38:33] User:[3] Sent new form using : 
   INSERT INTO `reponses`(`ID_Reponses`, `Reponse`, `ID_Question`, `ID_Formulaire`, `ID_Comptes`) VALUES (1,"Giroud","3",8,3),(2,"Lucas","4",8,3),(3,"giroudlucas01@gmail.com","5",8,3),(4,"2000-01-01","6",8,3),(5,"0782332034","7",8,3),(6,"","8",8,3),(7,"","9",8,3),(8,"","10",8,3),(9,"","11",8,3),(10,"","12",8,3),(11,"BTS","19",8,3),(12,"Par un Salon","1",8,3)

[Info]: [13:39:02] User:[3] Sent new form using : 
   INSERT INTO `reponses`(`ID_Reponses`, `Reponse`, `ID_Question`, `ID_Formulaire`, `ID_Comptes`) VALUES (1,"","3",8,3),(2,"","4",8,3),(3,"","5",8,3),(4,"2000-01-01","6",8,3),(5,"","7",8,3),(6,"","8",8,3),(7,"","9",8,3),(8,"","10",8,3),(9,"","11",8,3),(10,"","12",8,3),(11,"Sélectionnez une réponse","19",8,3),(12,"Sélectionnez une réponse","1",8,3)

[Info]: [17:00:32] Connection attempt with : SELECT verifyUser('ipodloukaki13@gmail.com','123') AS nombre;
Got response : 1
[Info]: [17:00:32] Account data fetched with : SELECT `ID_Comptes`, `Nom`, `Prenom`, `AdresseMail`, `MotDePasse`, `isAdmin`, `isActive` 
            FROM `comptes` 
            WHERE AdresseMail = LCASE('ipodloukaki13@gmail.com') AND MotDePasse = SHA('123');
[Info]: [17:30:57] User:[3] Sent new form using : 
   INSERT INTO `reponses`(`ID_Reponses`, `Reponse`, `ID_Question`, `ID_Formulaire`, `ID_Comptes`) VALUES (1,"","3",9,3),(2,"","4",9,3),(3,"","5",9,3),(4,"2000-01-01","6",9,3),(5,"","7",9,3),(6,"","8",9,3),(7,"","9",9,3),(8,"","10",9,3),(9,"","11",9,3),(10,"","12",9,3),(11,"Sélectionnez une réponse","19",9,3),(12,"Sélectionnez une réponse","1",9,3)

[Info]: [17:31:03] User:[3] Sent new form using : 
   INSERT INTO `reponses`(`ID_Reponses`, `Reponse`, `ID_Question`, `ID_Formulaire`, `ID_Comptes`) VALUES (1,"","3",10,3),(2,"","4",10,3),(3,"","5",10,3),(4,"2000-01-01","6",10,3),(5,"","7",10,3),(6,"","8",10,3),(7,"","9",10,3),(8,"","10",10,3),(9,"","11",10,3),(10,"","12",10,3),(11,"Sélectionnez une réponse","19",10,3),(12,"Sélectionnez une réponse","1",10,3)

