[Info]: [19:10:45] Connection attempt with : SELECT verifyUser('ipodloukaki13@gmail.com','123') AS nombre;
Got response : 1
[Info]: [19:10:45] Account data fetched with : SELECT `ID_Comptes`, `Nom`, `Prenom`, `AdresseMail`, `MotDePasse`, `isAdmin`, `isActive` 
            FROM `comptes` 
            WHERE AdresseMail = LCASE('ipodloukaki13@gmail.com') AND MotDePasse = SHA('123');
[Info]: [19:20:23] Connection attempt with : SELECT verifyUser('ipodloukaki13@gmail.com','123') AS nombre;
Got response : 1
[Info]: [19:20:23] Account data fetched with : SELECT `ID_Comptes`, `Nom`, `Prenom`, `AdresseMail`, `MotDePasse`, `isAdmin`, `isActive` 
            FROM `comptes` 
            WHERE AdresseMail = LCASE('ipodloukaki13@gmail.com') AND MotDePasse = SHA('123');
[Info]: [19:25:01] Connection attempt with : SELECT verifyUser('ipodloukaki13@gmail.com','123') AS nombre;
Got response : 1
[Info]: [19:25:01] Account data fetched with : SELECT `ID_Comptes`, `Nom`, `Prenom`, `AdresseMail`, `MotDePasse`, `isAdmin`, `isActive` 
            FROM `comptes` 
            WHERE AdresseMail = LCASE('ipodloukaki13@gmail.com') AND MotDePasse = SHA('123');
[Info]: [19:26:00] Connection attempt with : SELECT verifyUser('ipodloukaki13@gmail.com','123') AS nombre;
Got response : 1
[Info]: [19:26:00] Account data fetched with : SELECT `ID_Comptes`, `Nom`, `Prenom`, `AdresseMail`, `MotDePasse`, `isAdmin`, `isActive` 
            FROM `comptes` 
            WHERE AdresseMail = LCASE('ipodloukaki13@gmail.com') AND MotDePasse = SHA('123');
[Info]: [19:26:36] Connection attempt with : SELECT verifyUser('ipodloukaki13@gmail.com','123') AS nombre;
Got response : 1
[Info]: [19:26:36] Account data fetched with : SELECT `ID_Comptes`, `Nom`, `Prenom`, `AdresseMail`, `MotDePasse`, `isAdmin`, `isActive` 
            FROM `comptes` 
            WHERE AdresseMail = LCASE('ipodloukaki13@gmail.com') AND MotDePasse = SHA('123');
[Info]: [20:02:52] User:[3] Sent new form using : 
   INSERT INTO `reponses`(`ID_Reponses`, `Reponse`, `ID_Question`, `ID_Formulaire`, `ID_Comptes`) VALUES (1,"Giroud","3",7,3),(2,"Lucas","4",7,3),(3,"giroudlucas01@gmail.com","5",7,3),(4,"2000-01-01","6",7,3),(5,"0782332034","7",7,3),(6,"","8",7,3),(7,"Anglais","9",7,3),(8,"Allemand","10",7,3),(9,"2TSSIO","11",7,3),(10,"Charles Péguy","12",7,3),(11,"Seconde","19",7,3),(12,"Seconde Pro Métiers Relations Clients","25",7,3),(13,"Grace à un encart publicitaire","1",7,3)

[Info]: [20:03:31] User:[3] Sent new form using : 
   INSERT INTO `reponses`(`ID_Reponses`, `Reponse`, `ID_Question`, `ID_Formulaire`, `ID_Comptes`) VALUES (1,"Giroud","3",8,3),(2,"Lucas","4",8,3),(3,"giroudlucas01@gmail.com","5",8,3),(4,"2000-01-01","6",8,3),(5,"0782332034","7",8,3),(6,"","8",8,3),(7,"Espagnol","9",8,3),(8,"anglais","10",8,3),(9,"BBA1","11",8,3),(10,"IHEDREA","12",8,3),(11,"BTS","19",8,3),(12,"1ere année BTS NDRC","30",8,3),(13,"Communication à la radio","1",8,3),(14,"Skyrock","20",8,3)

[Info]: [21:40:08] User:[3] Sent new form using : 
   INSERT INTO `reponses`(`ID_Reponses`, `Reponse`, `ID_Question`, `ID_Formulaire`, `ID_Comptes`) VALUES (1,"Giroud","3",1,3),(2,"Lucas","4",1,3),(3,"giroudlucas01@gmail.com","5",1,3),(4,"2000-01-01","6",1,3),(5,"0782332034","7",1,3),(6,"","8",1,3),(7,"Espagnol","9",1,3),(8,"anglais","10",1,3),(9,"2TSSIO","11",1,3),(10,"Charles Péguy","12",1,3),(11,"BTS","19",1,3),(12,"1ere année BTS SIO","28",1,3),(13,"Venue d&#39;un membre de l&#39;établissement","1",1,3),(14,"Directeur - M.Thiebaut","15",1,3)

[Info]: [21:40:28] User:[3] Sent new form using : 
   INSERT INTO `reponses`(`ID_Reponses`, `Reponse`, `ID_Question`, `ID_Formulaire`, `ID_Comptes`) VALUES (1,"Giroud","3",2,3),(2,"Lucas","4",2,3),(3,"giroudlucas01@gmail.com","5",2,3),(4,"2000-01-01","6",2,3),(5,"0782332034","7",2,3),(6,"0781756003","8",2,3),(7,"Espagnol","9",2,3),(8,"Allemand","10",2,3),(9,"BBA1","11",2,3),(10,"IHEDREA","12",2,3),(11,"PREPA IFSI","19",2,3),(12,"Par du Bouche à oreilles","1",2,3),(13,"Ancien Eleve","22",2,3)

[Info]: [21:40:58] User:[3] Sent new form using : 
   INSERT INTO `reponses`(`ID_Reponses`, `Reponse`, `ID_Question`, `ID_Formulaire`, `ID_Comptes`) VALUES (1,"Prost","3",3,3),(2,"Lucie","4",3,3),(3,"chgiroud@hotmail.com","5",3,3),(4,"2000-01-01","6",3,3),(5,"0781756003","7",3,3),(6,"0781756003","8",3,3),(7,"Espagnol","9",3,3),(8,"anglais","10",3,3),(9,"BBA1","11",3,3),(10,"IHEDREA","12",3,3),(11,"Terminale","19",3,3),(12,"Terminale PRO Vente","27",3,3),(13,"Panneaux d&#39;affichage dans les rues de Marseille","1",3,3),(14,"Panneau Urbain","21",3,3)

[Info]: [21:41:22] User:[3] Sent new form using : 
   INSERT INTO `reponses`(`ID_Reponses`, `Reponse`, `ID_Question`, `ID_Formulaire`, `ID_Comptes`) VALUES (1,"Giroud","3",4,3),(2,"christophe","4",4,3),(3,"chgiroud@hotmail.com","5",4,3),(4,"2000-01-01","6",4,3),(5,"0621749778","7",4,3),(6,"0782332034","8",4,3),(7,"Espagnol","9",4,3),(8,"anglais","10",4,3),(9,"2TSSIO","11",4,3),(10,"IHEDREA","12",4,3),(11,"DCG","19",4,3),(12,"D.S.C.G","34",4,3),(13,"Grace à un encart publicitaire","1",4,3)

[Info]: [21:47:35] User:[3] Sent new form using : 
   INSERT INTO `reponses`(`ID_Reponses`, `Reponse`, `ID_Question`, `ID_Formulaire`, `ID_Comptes`) VALUES (1,"Giroud","3",5,3),(2,"Lucas","4",5,3),(3,"giroudlucas01@gmail.com","5",5,3),(4,"2000-01-01","6",5,3),(5,"0782332034","7",5,3),(6,"0782332034","8",5,3),(7,"Espagnol","9",5,3),(8,"anglais","10",5,3),(9,"2TSSIO","11",5,3),(10,"IHEDREA","12",5,3),(11,"PREPA","19",5,3),(12,"PREPA IFSI","35",5,3),(13,"Grace à un encart publicitaire","1",5,3)

[Info]: [22:28:10] User:[3] Sent new form using : 
   INSERT INTO `reponses`(`ID_Reponses`, `Reponse`, `ID_Question`, `ID_Formulaire`, `ID_Comptes`) VALUES (1,"Giroud","3",6,3),(2,"Lucas","4",6,3),(3,"ipodloukaki13@gmail.com","5",6,3),(4,"2000-01-01","6",6,3),(5,"0782332034","7",6,3),(6,"","8",6,3),(7,"Espagnol","9",6,3),(8,"anglais","10",6,3),(9,"2TSSIO","11",6,3),(10,"Charles Péguy","12",6,3),(11,"BTS","19",6,3),(12,"2eme année BTS SIO","28",6,3),(13,"Grace à un encart publicitaire","1",6,3)

[Info]: [22:28:37] User:[3] Sent new form using : 
   INSERT INTO `reponses`(`ID_Reponses`, `Reponse`, `ID_Question`, `ID_Formulaire`, `ID_Comptes`) VALUES (1,"Prost","3",7,3),(2,"Lucie","4",7,3),(3,"chgiroud@hotmail.com","5",7,3),(4,"2000-01-01","6",7,3),(5,"0781756003","7",7,3),(6,"","8",7,3),(7,"Anglais","9",7,3),(8,"anglais","10",7,3),(9,"2TSSIO","11",7,3),(10,"IHEDREA","12",7,3),(11,"BTS","19",7,3),(12,"1ere année BTS SIO","28",7,3),(13,"Par les réseaux sociaux","1",7,3),(14,"Facebook","14",7,3)

[Info]: [23:40:50] User:[3] Sent new form using : 
   INSERT INTO `reponses`(`ID_Reponses`, `Reponse`, `ID_Question`, `ID_Formulaire`, `ID_Comptes`) VALUES (1,"Ascarguez","3",8,3),(2,"Nico","4",8,3),(3,"giroudlucas01@gmail.com","5",8,3),(4,"2000-01-01","6",8,3),(5,"0782332034","7",8,3),(6,"","8",8,3),(7,"Anglais","9",8,3),(8,"Allemand","10",8,3),(9,"BBA1","11",8,3),(10,"Charles Péguy","12",8,3),(11,"BTS","19",8,3),(12,"1ere année BTS SIO","28",8,3),(13,"Sélectionnez une réponse","1",8,3)

